[INFO] [1m[92m🔧 GitHub Push Assistant[0m
[SUCCESS] PyYAML detected.
[INFO] Loaded config from github_push_config.yaml
[INFO] Working in: /home/owner/Documents/68c17e37-8f48-8331-80da-93ec75153940
[INFO] $ git --version
[OUTPUT] git version 2.51.0
[SUCCESS] Git is installed.
[INFO] $ gh --version
[OUTPUT] gh version 2.76.1 (2025-07-29)
https://github.com/cli/cli/releases/tag/v2.76.1
[SUCCESS] GitHub CLI detected.
[SUCCESS] Asciinema detected.
[INFO] $ gh auth status
[OUTPUT] github.com
  ✓ Logged in to github.com account swipswaps (keyring)
  - Active account: true
  - Git operations protocol: https
  - Token: gho_************************************
  - Token scopes: 'gist', 'read:org', 'repo', 'workflow'
[SUCCESS] PyYAML detected.
[INFO] Saved config to github_push_config.yaml
[INFO] ➕ Staging all files...
[INFO] $ git add .
